2025-12-12 04:48:09,295 - INFO - Experiment: concat_28x10_20251212_044809
2025-12-12 04:48:09,295 - INFO - Arguments: {'data_dir': 'saliency_datasets/early_layers', 'output_dir': 'wideresnet_experiments', 'test_size': 0.15, 'val_size': 0.15, 'fusion_mode': 'concat', 'depth': 28, 'widen_factor': 10, 'dropout': 0.3, 'epochs': 100, 'batch_size': 64, 'lr': 0.1, 'momentum': 0.9, 'weight_decay': 0.0005, 'num_workers': 4, 'seed': 42}
2025-12-12 04:48:09,295 - INFO - Loading dataset...
2025-12-12 04:48:09,296 - INFO - Experiment: saliency_only_28x10_20251212_044809
2025-12-12 04:48:09,296 - INFO - Arguments: {'data_dir': 'saliency_datasets/early_layers', 'output_dir': 'wideresnet_experiments', 'test_size': 0.15, 'val_size': 0.15, 'fusion_mode': 'saliency_only', 'depth': 28, 'widen_factor': 10, 'dropout': 0.3, 'epochs': 100, 'batch_size': 64, 'lr': 0.1, 'momentum': 0.9, 'weight_decay': 0.0005, 'num_workers': 4, 'seed': 42}
2025-12-12 04:48:09,296 - INFO - Loading dataset...
2025-12-12 04:48:09,296 - INFO - Experiment: attention_only_28x10_20251212_044809
2025-12-12 04:48:09,296 - INFO - Arguments: {'data_dir': 'saliency_datasets/early_layers', 'output_dir': 'wideresnet_experiments', 'test_size': 0.15, 'val_size': 0.15, 'fusion_mode': 'attention_only', 'depth': 28, 'widen_factor': 10, 'dropout': 0.3, 'epochs': 100, 'batch_size': 64, 'lr': 0.1, 'momentum': 0.9, 'weight_decay': 0.0005, 'num_workers': 4, 'seed': 42}
2025-12-12 04:48:09,297 - INFO - Loading dataset...
2025-12-12 04:48:09,297 - INFO - Experiment: add_28x10_20251212_044809
2025-12-12 04:48:09,297 - INFO - Arguments: {'data_dir': 'saliency_datasets/early_layers', 'output_dir': 'wideresnet_experiments', 'test_size': 0.15, 'val_size': 0.15, 'fusion_mode': 'add', 'depth': 28, 'widen_factor': 10, 'dropout': 0.3, 'epochs': 100, 'batch_size': 64, 'lr': 0.1, 'momentum': 0.9, 'weight_decay': 0.0005, 'num_workers': 4, 'seed': 42}
2025-12-12 04:48:09,297 - INFO - Loading dataset...
2025-12-12 04:48:09,297 - INFO - Experiment: multiply_28x10_20251212_044809
2025-12-12 04:48:09,297 - INFO - Arguments: {'data_dir': 'saliency_datasets/early_layers', 'output_dir': 'wideresnet_experiments', 'test_size': 0.15, 'val_size': 0.15, 'fusion_mode': 'multiply', 'depth': 28, 'widen_factor': 10, 'dropout': 0.3, 'epochs': 100, 'batch_size': 64, 'lr': 0.1, 'momentum': 0.9, 'weight_decay': 0.0005, 'num_workers': 4, 'seed': 42}
2025-12-12 04:48:09,297 - INFO - Loading dataset...
2025-12-12 04:48:09,298 - INFO - Experiment: max_28x10_20251212_044809
2025-12-12 04:48:09,298 - INFO - Arguments: {'data_dir': 'saliency_datasets/early_layers', 'output_dir': 'wideresnet_experiments', 'test_size': 0.15, 'val_size': 0.15, 'fusion_mode': 'max', 'depth': 28, 'widen_factor': 10, 'dropout': 0.3, 'epochs': 100, 'batch_size': 64, 'lr': 0.1, 'momentum': 0.9, 'weight_decay': 0.0005, 'num_workers': 4, 'seed': 42}
2025-12-12 04:48:09,298 - INFO - Loading dataset...
2025-12-12 04:48:09,298 - INFO - Experiment: weighted_28x10_20251212_044809
2025-12-12 04:48:09,298 - INFO - Arguments: {'data_dir': 'saliency_datasets/early_layers', 'output_dir': 'wideresnet_experiments', 'test_size': 0.15, 'val_size': 0.15, 'fusion_mode': 'weighted', 'depth': 28, 'widen_factor': 10, 'dropout': 0.3, 'epochs': 100, 'batch_size': 64, 'lr': 0.1, 'momentum': 0.9, 'weight_decay': 0.0005, 'num_workers': 4, 'seed': 42}
2025-12-12 04:48:09,298 - INFO - Loading dataset...
